<?xml version="1.0" encoding="UTF-8"?>
<!-- Generated by org.testng.reporters.JUnitReportReporter -->
<testsuite skipped="0" hostname="SIT-PC" name="com.crm.Tests.HomePageTest" tests="1" failures="0" timestamp="06 Apr 2019 12:40:51 GMT" time="30.192" errors="0">
  <testcase name="sortByPrice" time="30.192" classname="com.crm.Tests.HomePageTest"/>
</testsuite> <!-- com.crm.Tests.HomePageTest -->
