<?xml version="1.0" encoding="UTF-8"?>
<!-- Generated by org.testng.reporters.JUnitReportReporter -->
<testsuite skipped="0" hostname="SIT-PC" name="com.crm.Tests.AgentPageTest" tests="1" failures="0" timestamp="06 Apr 2019 14:41:57 GMT" time="47.054" errors="0">
  <testcase name="validateAgentName" time="47.054" classname="com.crm.Tests.AgentPageTest"/>
</testsuite> <!-- com.crm.Tests.AgentPageTest -->
