<?xml version="1.0" encoding="UTF-8"?>
<!-- Generated by org.testng.reporters.JUnitReportReporter -->
<testsuite skipped="0" hostname="SIT-PC" name="com.crm.Tests.LoginPageTest" tests="2" failures="0" timestamp="01 Mar 2018 06:28:36 GMT" time="49.766" errors="0">
  <testcase name="LoginPageTitle" time="14.318" classname="com.crm.Tests.LoginPageTest"/>
  <testcase name="loginValidation" time="35.448" classname="com.crm.Tests.LoginPageTest"/>
</testsuite> <!-- com.crm.Tests.LoginPageTest -->
