<?xml version="1.0" encoding="UTF-8"?>
<!-- Generated by org.testng.reporters.JUnitReportReporter -->
<testsuite skipped="0" hostname="SIT-PC" name="com.crm.Tests.SearchPageTest" tests="2" failures="0" timestamp="06 Apr 2019 14:41:57 GMT" time="53.425" errors="0">
  <testcase name="sortByPrice" time="25.915" classname="com.crm.Tests.SearchPageTest"/>
  <testcase name="selectProperty" time="27.510" classname="com.crm.Tests.SearchPageTest"/>
</testsuite> <!-- com.crm.Tests.SearchPageTest -->
